2026-03-21 10:07:43,133 INFO  [main] %PARSER_ERROR[traceId] %PARSER_ERROR[spanId] api_order.Application - Starting Application using Java 23.0.2 with PID 16372 (C:\Users\dell\Downloads\observability\target\classes started by dell in C:\Users\dell\Downloads\observability)
2026-03-21 10:07:43,136 INFO  [main] %PARSER_ERROR[traceId] %PARSER_ERROR[spanId] api_order.Application - No active profile set, falling back to 1 default profile: "default"
2026-03-21 10:07:44,393 INFO  [main] %PARSER_ERROR[traceId] %PARSER_ERROR[spanId] o.s.d.r.c.RepositoryConfigurationDelegate - Bootstrapping Spring Data JPA repositories in DEFAULT mode.
2026-03-21 10:07:44,452 INFO  [main] %PARSER_ERROR[traceId] %PARSER_ERROR[spanId] o.s.d.r.c.RepositoryConfigurationDelegate - Finished Spring Data repository scanning in 47 ms. Found 1 JPA repository interface.
2026-03-21 10:07:44,905 INFO  [main] %PARSER_ERROR[traceId] %PARSER_ERROR[spanId] o.s.b.w.e.tomcat.TomcatWebServer - Tomcat initialized with port 8080 (http)
2026-03-21 10:07:44,922 INFO  [main] %PARSER_ERROR[traceId] %PARSER_ERROR[spanId] o.a.catalina.core.StandardService - Starting service [Tomcat]
2026-03-21 10:07:44,922 INFO  [main] %PARSER_ERROR[traceId] %PARSER_ERROR[spanId] o.a.catalina.core.StandardEngine - Starting Servlet engine: [Apache Tomcat/10.1.52]
2026-03-21 10:07:44,980 INFO  [main] %PARSER_ERROR[traceId] %PARSER_ERROR[spanId] o.a.c.c.C.[Tomcat].[localhost].[/] - Initializing Spring embedded WebApplicationContext
2026-03-21 10:07:44,980 INFO  [main] %PARSER_ERROR[traceId] %PARSER_ERROR[spanId] o.s.b.w.s.c.ServletWebServerApplicationContext - Root WebApplicationContext: initialization completed in 1768 ms
2026-03-21 10:07:45,857 INFO  [main] %PARSER_ERROR[traceId] %PARSER_ERROR[spanId] o.s.o.j.p.SpringPersistenceUnitInfo - No LoadTimeWeaver setup: ignoring JPA class transformer
2026-03-21 10:07:45,985 INFO  [main] %PARSER_ERROR[traceId] %PARSER_ERROR[spanId] com.zaxxer.hikari.HikariDataSource - HikariPool-1 - Starting...
2026-03-21 10:07:47,029 INFO  [main] %PARSER_ERROR[traceId] %PARSER_ERROR[spanId] com.zaxxer.hikari.pool.HikariPool - HikariPool-1 - Added connection org.postgresql.jdbc.PgConnection@32cec678
2026-03-21 10:07:47,030 INFO  [main] %PARSER_ERROR[traceId] %PARSER_ERROR[spanId] com.zaxxer.hikari.HikariDataSource - HikariPool-1 - Start completed.
2026-03-21 10:07:47,241 WARN  [main] %PARSER_ERROR[traceId] %PARSER_ERROR[spanId] org.hibernate.orm.deprecation - HHH90000025: PostgreSQLDialect does not need to be specified explicitly using 'hibernate.dialect' (remove the property setting and it will be selected by default)
2026-03-21 10:07:50,583 INFO  [main] %PARSER_ERROR[traceId] %PARSER_ERROR[spanId] o.s.o.j.LocalContainerEntityManagerFactoryBean - Initialized JPA EntityManagerFactory for persistence unit 'default'
2026-03-21 10:07:51,668 INFO  [main] %PARSER_ERROR[traceId] %PARSER_ERROR[spanId] o.s.b.a.e.web.EndpointLinksResolver - Exposing 5 endpoints beneath base path '/actuator'
2026-03-21 10:07:51,747 INFO  [main] %PARSER_ERROR[traceId] %PARSER_ERROR[spanId] o.s.b.w.e.tomcat.TomcatWebServer - Tomcat started on port 8080 (http) with context path '/'
2026-03-21 10:07:51,758 INFO  [main] %PARSER_ERROR[traceId] %PARSER_ERROR[spanId] api_order.Application - Started Application in 9.217 seconds (process running for 12.572)
2026-03-21 10:11:11,734 WARN  [HikariPool-1:housekeeper] %PARSER_ERROR[traceId] %PARSER_ERROR[spanId] com.zaxxer.hikari.pool.PoolBase - HikariPool-1 - Failed to validate connection org.postgresql.jdbc.PgConnection@32cec678 (This connection has been closed.). Possibly consider using a shorter maxLifetime value.
2026-03-21 10:11:31,542 WARN  [HikariPool-1:housekeeper] %PARSER_ERROR[traceId] %PARSER_ERROR[spanId] com.zaxxer.hikari.pool.PoolBase - HikariPool-1 - Failed to validate connection org.postgresql.jdbc.PgConnection@4d9f99b0 (This connection has been closed.). Possibly consider using a shorter maxLifetime value.
2026-03-21 10:11:35,845 WARN  [HikariPool-1:housekeeper] %PARSER_ERROR[traceId] %PARSER_ERROR[spanId] com.zaxxer.hikari.pool.PoolBase - HikariPool-1 - Failed to validate connection org.postgresql.jdbc.PgConnection@6cf5b083 (This connection has been closed.). Possibly consider using a shorter maxLifetime value.
2026-03-21 10:11:42,462 WARN  [HikariPool-1:housekeeper] %PARSER_ERROR[traceId] %PARSER_ERROR[spanId] com.zaxxer.hikari.pool.PoolBase - HikariPool-1 - Failed to validate connection org.postgresql.jdbc.PgConnection@71947754 (This connection has been closed.). Possibly consider using a shorter maxLifetime value.
2026-03-21 10:11:46,312 WARN  [HikariPool-1:housekeeper] %PARSER_ERROR[traceId] %PARSER_ERROR[spanId] com.zaxxer.hikari.pool.PoolBase - HikariPool-1 - Failed to validate connection org.postgresql.jdbc.PgConnection@506f4319 (This connection has been closed.). Possibly consider using a shorter maxLifetime value.
2026-03-21 10:13:29,246 INFO  [http-nio-8080-exec-1] %PARSER_ERROR[traceId] %PARSER_ERROR[spanId] o.a.c.c.C.[Tomcat].[localhost].[/] - Initializing Spring DispatcherServlet 'dispatcherServlet'
2026-03-21 10:13:29,247 INFO  [http-nio-8080-exec-1] %PARSER_ERROR[traceId] %PARSER_ERROR[spanId] o.s.web.servlet.DispatcherServlet - Initializing Servlet 'dispatcherServlet'
2026-03-21 10:13:29,277 INFO  [http-nio-8080-exec-1] %PARSER_ERROR[traceId] %PARSER_ERROR[spanId] o.s.web.servlet.DispatcherServlet - Completed initialization in 30 ms
2026-03-21 10:13:29,544 WARN  [http-nio-8080-exec-1] %PARSER_ERROR[traceId] %PARSER_ERROR[spanId] com.zaxxer.hikari.pool.PoolBase - HikariPool-1 - Failed to validate connection org.postgresql.jdbc.PgConnection@64adea44 (This connection has been closed.). Possibly consider using a shorter maxLifetime value.
2026-03-21 10:13:29,545 WARN  [http-nio-8080-exec-1] %PARSER_ERROR[traceId] %PARSER_ERROR[spanId] com.zaxxer.hikari.pool.PoolBase - HikariPool-1 - Failed to validate connection org.postgresql.jdbc.PgConnection@417941b (This connection has been closed.). Possibly consider using a shorter maxLifetime value.
2026-03-21 10:13:29,547 WARN  [http-nio-8080-exec-1] %PARSER_ERROR[traceId] %PARSER_ERROR[spanId] com.zaxxer.hikari.pool.PoolBase - HikariPool-1 - Failed to validate connection org.postgresql.jdbc.PgConnection@539d7e11 (This connection has been closed.). Possibly consider using a shorter maxLifetime value.
2026-03-21 10:13:29,547 WARN  [http-nio-8080-exec-1] %PARSER_ERROR[traceId] %PARSER_ERROR[spanId] com.zaxxer.hikari.pool.PoolBase - HikariPool-1 - Failed to validate connection org.postgresql.jdbc.PgConnection@58e941ec (This connection has been closed.). Possibly consider using a shorter maxLifetime value.
2026-03-21 10:13:29,548 WARN  [http-nio-8080-exec-1] %PARSER_ERROR[traceId] %PARSER_ERROR[spanId] com.zaxxer.hikari.pool.PoolBase - HikariPool-1 - Failed to validate connection org.postgresql.jdbc.PgConnection@77680054 (This connection has been closed.). Possibly consider using a shorter maxLifetime value.
2026-03-21 10:13:30,168 WARN  [http-nio-8080-exec-1] %PARSER_ERROR[traceId] %PARSER_ERROR[spanId] o.h.e.jdbc.spi.SqlExceptionHelper - SQL Error: 0, SQLState: 42P01
2026-03-21 10:13:30,169 ERROR [http-nio-8080-exec-1] %PARSER_ERROR[traceId] %PARSER_ERROR[spanId] o.h.e.jdbc.spi.SqlExceptionHelper - ERROR: relation "purchase_orders" does not exist
  Posição: 22
2026-03-21 10:14:40,738 INFO  [SpringApplicationShutdownHook] %PARSER_ERROR[traceId] %PARSER_ERROR[spanId] o.s.b.w.e.tomcat.GracefulShutdown - Commencing graceful shutdown. Waiting for active requests to complete
2026-03-21 10:14:40,751 INFO  [tomcat-shutdown] %PARSER_ERROR[traceId] %PARSER_ERROR[spanId] o.s.b.w.e.tomcat.GracefulShutdown - Graceful shutdown complete
2026-03-21 10:14:40,759 INFO  [SpringApplicationShutdownHook] %PARSER_ERROR[traceId] %PARSER_ERROR[spanId] o.s.o.j.LocalContainerEntityManagerFactoryBean - Closing JPA EntityManagerFactory for persistence unit 'default'
2026-03-21 10:14:40,764 INFO  [SpringApplicationShutdownHook] %PARSER_ERROR[traceId] %PARSER_ERROR[spanId] com.zaxxer.hikari.HikariDataSource - HikariPool-1 - Shutdown initiated...
2026-03-21 10:14:40,765 INFO  [SpringApplicationShutdownHook] %PARSER_ERROR[traceId] %PARSER_ERROR[spanId] com.zaxxer.hikari.HikariDataSource - HikariPool-1 - Shutdown completed.
